[
  {
    "line": 1,
    "elements": [
      {
        "line": 2,
        "name": "User navigates to Demo Web Shop home page and click on Login link",
        "description": "",
        "type": "background",
        "keyword": "Background"
      },
      {
        "line": 5,
        "name": "Successful login with valid login credentials",
        "description": "Description: This feature will test successful login functionality",
        "id": "login-action;successful-login-with-valid-login-credentials",
        "type": "scenario",
        "keyword": "Scenario",
        "steps": [
          {
            "result": {
              "duration": 21590793100,
              "error_message": "org.openqa.selenium.NoSuchWindowException: no such window: target window already closed\nfrom unknown error: web view not found\n  (Session info: chrome\u003d87.0.4280.88)\nBuild info: version: \u00273.141.59\u0027, revision: \u0027e82be7d358\u0027, time: \u00272018-11-14T08:25:48\u0027\nSystem info: host: \u0027DESKTOP-RIHRRO9\u0027, ip: \u0027192.168.0.108\u0027, os.name: \u0027Windows 10\u0027, os.arch: \u0027amd64\u0027, os.version: \u002710.0\u0027, java.version: \u00271.8.0_261\u0027\nDriver info: org.openqa.selenium.chrome.ChromeDriver\nCapabilities {acceptInsecureCerts: false, browserName: chrome, browserVersion: 87.0.4280.88, chrome: {chromedriverVersion: 86.0.4240.22 (398b0743353ff..., userDataDir: C:\\Users\\USER\\AppData\\Local...}, goog:chromeOptions: {debuggerAddress: localhost:57837}, javascriptEnabled: true, networkConnectionEnabled: false, pageLoadStrategy: normal, platform: WINDOWS, platformName: WINDOWS, proxy: Proxy(), setWindowRect: true, strictFileInteractability: false, timeouts: {implicit: 0, pageLoad: 300000, script: 30000}, unhandledPromptBehavior: dismiss and notify, webauthn:virtualAuthenticators: true}\nSession ID: 71d3e77c8b486565f690a1c3aa8c8bc4\r\n\tat sun.reflect.NativeConstructorAccessorImpl.newInstance0(Native Method)\r\n\tat sun.reflect.NativeConstructorAccessorImpl.newInstance(Unknown Source)\r\n\tat sun.reflect.DelegatingConstructorAccessorImpl.newInstance(Unknown Source)\r\n\tat java.lang.reflect.Constructor.newInstance(Unknown Source)\r\n\tat org.openqa.selenium.remote.http.W3CHttpResponseCodec.createException(W3CHttpResponseCodec.java:187)\r\n\tat org.openqa.selenium.remote.http.W3CHttpResponseCodec.decode(W3CHttpResponseCodec.java:122)\r\n\tat org.openqa.selenium.remote.http.W3CHttpResponseCodec.decode(W3CHttpResponseCodec.java:49)\r\n\tat org.openqa.selenium.remote.HttpCommandExecutor.execute(HttpCommandExecutor.java:158)\r\n\tat org.openqa.selenium.remote.service.DriverCommandExecutor.execute(DriverCommandExecutor.java:83)\r\n\tat org.openqa.selenium.remote.RemoteWebDriver.execute(RemoteWebDriver.java:552)\r\n\tat org.openqa.selenium.remote.RemoteWebDriver.execute(RemoteWebDriver.java:609)\r\n\tat org.openqa.selenium.remote.RemoteWebDriver$RemoteWebDriverOptions$RemoteWindow.maximize(RemoteWebDriver.java:837)\r\n\tat step_def.Login_Steps.user_is_on_login_page(Login_Steps.java:23)\r\n\tat ✽.Given User is on login page(Loginn.feature:7)\r\n",
              "status": "failed"
            },
            "line": 7,
            "name": "User is on login page",
            "match": {
              "location": "Login_Steps.user_is_on_login_page()"
            },
            "keyword": "Given "
          },
          {
            "result": {
              "status": "skipped"
            },
            "line": 8,
            "name": "User enters all valid data",
            "match": {
              "location": "Login_Steps.user_enters_all_valid_data()"
            },
            "keyword": "When "
          },
          {
            "result": {
              "status": "skipped"
            },
            "line": 9,
            "name": "click on Log in",
            "match": {
              "location": "Login_Steps.click_on_Log_in()"
            },
            "keyword": "And "
          },
          {
            "result": {
              "status": "skipped"
            },
            "line": 10,
            "name": "login should be successful",
            "match": {
              "location": "Login_Steps.login_should_be_successful()"
            },
            "keyword": "Then "
          }
        ],
        "tags": [
          {
            "line": 4,
            "name": "@Successful_login"
          }
        ]
      },
      {
        "line": 2,
        "name": "User navigates to Demo Web Shop home page and click on Login link",
        "description": "",
        "type": "background",
        "keyword": "Background"
      },
      {
        "line": 22,
        "name": "Unsuccessful login with invalid login credentials",
        "description": "Description: This feature will test successful login functionality",
        "id": "login-action;unsuccessful-login-with-invalid-login-credentials;;2",
        "type": "scenario",
        "keyword": "Scenario Outline",
        "steps": [
          {
            "result": {
              "duration": 14627415100,
              "error_message": "org.openqa.selenium.SessionNotCreatedException: session not created\nfrom chrome not reachable\n  (Session info: chrome\u003d87.0.4280.88)\nBuild info: version: \u00273.141.59\u0027, revision: \u0027e82be7d358\u0027, time: \u00272018-11-14T08:25:48\u0027\nSystem info: host: \u0027DESKTOP-RIHRRO9\u0027, ip: \u0027192.168.0.108\u0027, os.name: \u0027Windows 10\u0027, os.arch: \u0027amd64\u0027, os.version: \u002710.0\u0027, java.version: \u00271.8.0_261\u0027\nDriver info: driver.version: ChromeDriver\nremote stacktrace: Backtrace:\n\tOrdinal0 [0x0060C013+3194899]\n\tOrdinal0 [0x004F6021+2056225]\n\tOrdinal0 [0x0038F4B0+586928]\n\tOrdinal0 [0x00385894+546964]\n\tOrdinal0 [0x00385F2C+548652]\n\tOrdinal0 [0x00387175+553333]\n\tOrdinal0 [0x0038241E+533534]\n\tOrdinal0 [0x00390620+591392]\n\tOrdinal0 [0x00332A0C+207372]\n\tOrdinal0 [0x00331D0D+204045]\n\tOrdinal0 [0x0032FC1B+195611]\n\tOrdinal0 [0x00313B7F+80767]\n\tOrdinal0 [0x00314B4E+84814]\n\tOrdinal0 [0x00314AD9+84697]\n\tOrdinal0 [0x0050CE64+2149988]\n\tGetHandleVerifier [0x0077BE95+1400773]\n\tGetHandleVerifier [0x0077BB61+1399953]\n\tGetHandleVerifier [0x007831FA+1430314]\n\tGetHandleVerifier [0x0077C69F+1402831]\n\tOrdinal0 [0x00503D61+2112865]\n\tOrdinal0 [0x0050E5CB+2155979]\n\tOrdinal0 [0x0050E6F5+2156277]\n\tOrdinal0 [0x0051F26E+2224750]\n\tBaseThreadInitThunk [0x76DC6359+25]\n\tRtlGetAppContainerNamedObjectPath [0x77418944+228]\n\tRtlGetAppContainerNamedObjectPath [0x77418914+180]\n\r\n\tat sun.reflect.NativeConstructorAccessorImpl.newInstance0(Native Method)\r\n\tat sun.reflect.NativeConstructorAccessorImpl.newInstance(Unknown Source)\r\n\tat sun.reflect.DelegatingConstructorAccessorImpl.newInstance(Unknown Source)\r\n\tat java.lang.reflect.Constructor.newInstance(Unknown Source)\r\n\tat org.openqa.selenium.remote.W3CHandshakeResponse.lambda$errorHandler$0(W3CHandshakeResponse.java:62)\r\n\tat org.openqa.selenium.remote.HandshakeResponse.lambda$getResponseFunction$0(HandshakeResponse.java:30)\r\n\tat org.openqa.selenium.remote.ProtocolHandshake.lambda$createSession$0(ProtocolHandshake.java:126)\r\n\tat java.util.stream.ReferencePipeline$3$1.accept(Unknown Source)\r\n\tat java.util.Spliterators$ArraySpliterator.tryAdvance(Unknown Source)\r\n\tat java.util.stream.ReferencePipeline.forEachWithCancel(Unknown Source)\r\n\tat java.util.stream.AbstractPipeline.copyIntoWithCancel(Unknown Source)\r\n\tat java.util.stream.AbstractPipeline.copyInto(Unknown Source)\r\n\tat java.util.stream.AbstractPipeline.wrapAndCopyInto(Unknown Source)\r\n\tat java.util.stream.FindOps$FindOp.evaluateSequential(Unknown Source)\r\n\tat java.util.stream.AbstractPipeline.evaluate(Unknown Source)\r\n\tat java.util.stream.ReferencePipeline.findFirst(Unknown Source)\r\n\tat org.openqa.selenium.remote.ProtocolHandshake.createSession(ProtocolHandshake.java:128)\r\n\tat org.openqa.selenium.remote.ProtocolHandshake.createSession(ProtocolHandshake.java:74)\r\n\tat org.openqa.selenium.remote.HttpCommandExecutor.execute(HttpCommandExecutor.java:136)\r\n\tat org.openqa.selenium.remote.service.DriverCommandExecutor.execute(DriverCommandExecutor.java:83)\r\n\tat org.openqa.selenium.remote.RemoteWebDriver.execute(RemoteWebDriver.java:552)\r\n\tat org.openqa.selenium.remote.RemoteWebDriver.startSession(RemoteWebDriver.java:213)\r\n\tat org.openqa.selenium.remote.RemoteWebDriver.\u003cinit\u003e(RemoteWebDriver.java:131)\r\n\tat org.openqa.selenium.chrome.ChromeDriver.\u003cinit\u003e(ChromeDriver.java:181)\r\n\tat org.openqa.selenium.chrome.ChromeDriver.\u003cinit\u003e(ChromeDriver.java:168)\r\n\tat org.openqa.selenium.chrome.ChromeDriver.\u003cinit\u003e(ChromeDriver.java:123)\r\n\tat framework.DemoWorkshopMethods.openBrowser(DemoWorkshopMethods.java:11)\r\n\tat step_def.Login_Steps.user_is_on_login_page(Login_Steps.java:19)\r\n\tat ✽.Given User is on login page(Loginn.feature:15)\r\n",
              "status": "failed"
            },
            "line": 15,
            "name": "User is on login page",
            "match": {
              "location": "Login_Steps.user_is_on_login_page()"
            },
            "keyword": "Given "
          },
          {
            "result": {
              "status": "skipped"
            },
            "line": 16,
            "name": "I enter Email  as \"queeni07.gmail.com\" and Password as \"123456\"",
            "match": {
              "arguments": [
                {
                  "val": "queeni07.gmail.com",
                  "offset": 19
                },
                {
                  "val": "123456",
                  "offset": 56
                }
              ],
              "location": "Login_Steps.i_enter_Email_as_and_Password_as(String,String)"
            },
            "matchedColumns": [
              0,
              1
            ],
            "keyword": "When "
          },
          {
            "result": {
              "status": "skipped"
            },
            "line": 17,
            "name": "click on Log in",
            "match": {
              "location": "Login_Steps.click_on_Log_in()"
            },
            "keyword": "And "
          },
          {
            "result": {
              "status": "skipped"
            },
            "line": 18,
            "name": "login should be Unsuccessful",
            "match": {
              "location": "Login_Steps.login_should_be_Unsuccessful()"
            },
            "keyword": "Then "
          }
        ],
        "tags": [
          {
            "line": 12,
            "name": "@Unsuccessful_login"
          }
        ]
      },
      {
        "line": 2,
        "name": "User navigates to Demo Web Shop home page and click on Login link",
        "description": "",
        "type": "background",
        "keyword": "Background"
      },
      {
        "line": 23,
        "name": "Unsuccessful login with invalid login credentials",
        "description": "Description: This feature will test successful login functionality",
        "id": "login-action;unsuccessful-login-with-invalid-login-credentials;;3",
        "type": "scenario",
        "keyword": "Scenario Outline",
        "steps": [
          {
            "result": {
              "duration": 37338971300,
              "error_message": "org.openqa.selenium.WebDriverException: chrome not reachable\n  (Session info: chrome\u003d87.0.4280.88)\nBuild info: version: \u00273.141.59\u0027, revision: \u0027e82be7d358\u0027, time: \u00272018-11-14T08:25:48\u0027\nSystem info: host: \u0027DESKTOP-RIHRRO9\u0027, ip: \u0027192.168.0.108\u0027, os.name: \u0027Windows 10\u0027, os.arch: \u0027amd64\u0027, os.version: \u002710.0\u0027, java.version: \u00271.8.0_261\u0027\nDriver info: org.openqa.selenium.chrome.ChromeDriver\nCapabilities {acceptInsecureCerts: false, browserName: chrome, browserVersion: 87.0.4280.88, chrome: {chromedriverVersion: 86.0.4240.22 (398b0743353ff..., userDataDir: C:\\Users\\USER\\AppData\\Local...}, goog:chromeOptions: {debuggerAddress: localhost:57895}, javascriptEnabled: true, networkConnectionEnabled: false, pageLoadStrategy: normal, platform: WINDOWS, platformName: WINDOWS, proxy: Proxy(), setWindowRect: true, strictFileInteractability: false, timeouts: {implicit: 0, pageLoad: 300000, script: 30000}, unhandledPromptBehavior: dismiss and notify, webauthn:virtualAuthenticators: true}\nSession ID: e6985906b9f4e8218a8dce7a310f8544\r\n\tat sun.reflect.NativeConstructorAccessorImpl.newInstance0(Native Method)\r\n\tat sun.reflect.NativeConstructorAccessorImpl.newInstance(Unknown Source)\r\n\tat sun.reflect.DelegatingConstructorAccessorImpl.newInstance(Unknown Source)\r\n\tat java.lang.reflect.Constructor.newInstance(Unknown Source)\r\n\tat org.openqa.selenium.remote.http.W3CHttpResponseCodec.createException(W3CHttpResponseCodec.java:187)\r\n\tat org.openqa.selenium.remote.http.W3CHttpResponseCodec.decode(W3CHttpResponseCodec.java:122)\r\n\tat org.openqa.selenium.remote.http.W3CHttpResponseCodec.decode(W3CHttpResponseCodec.java:49)\r\n\tat org.openqa.selenium.remote.HttpCommandExecutor.execute(HttpCommandExecutor.java:158)\r\n\tat org.openqa.selenium.remote.service.DriverCommandExecutor.execute(DriverCommandExecutor.java:83)\r\n\tat org.openqa.selenium.remote.RemoteWebDriver.execute(RemoteWebDriver.java:552)\r\n\tat org.openqa.selenium.remote.RemoteWebDriver.get(RemoteWebDriver.java:277)\r\n\tat org.openqa.selenium.remote.RemoteWebDriver$RemoteNavigation.to(RemoteWebDriver.java:857)\r\n\tat step_def.Login_Steps.user_is_on_login_page(Login_Steps.java:22)\r\n\tat ✽.Given User is on login page(Loginn.feature:15)\r\n",
              "status": "failed"
            },
            "line": 15,
            "name": "User is on login page",
            "match": {
              "location": "Login_Steps.user_is_on_login_page()"
            },
            "keyword": "Given "
          },
          {
            "result": {
              "status": "skipped"
            },
            "line": 16,
            "name": "I enter Email  as \"queeni.07.gmail.com\" and Password as \"123\"",
            "match": {
              "arguments": [
                {
                  "val": "queeni.07.gmail.com",
                  "offset": 19
                },
                {
                  "val": "123",
                  "offset": 57
                }
              ],
              "location": "Login_Steps.i_enter_Email_as_and_Password_as(String,String)"
            },
            "matchedColumns": [
              0,
              1
            ],
            "keyword": "When "
          },
          {
            "result": {
              "status": "skipped"
            },
            "line": 17,
            "name": "click on Log in",
            "match": {
              "location": "Login_Steps.click_on_Log_in()"
            },
            "keyword": "And "
          },
          {
            "result": {
              "status": "skipped"
            },
            "line": 18,
            "name": "login should be Unsuccessful",
            "match": {
              "location": "Login_Steps.login_should_be_Unsuccessful()"
            },
            "keyword": "Then "
          }
        ],
        "tags": [
          {
            "line": 12,
            "name": "@Unsuccessful_login"
          }
        ]
      }
    ],
    "name": "Login Action",
    "description": "",
    "id": "login-action",
    "keyword": "Feature",
    "uri": "Loginn.feature"
  }
]